[2025-05-30 21:36:46] [INFO   ] Starting the application... 
[2025-05-30 21:36:47] [INFO   ] Application started successfully. 
[2025-05-30 21:36:53] [INFO   ] Connected to the server as cheporte 
[2025-05-30 21:36:57] [INFO   ] Received message: cheporte: Heeellllo 
[2025-05-30 21:37:05] [INFO   ] Received message: [Server] cherry has joined the chat 🎉 
[2025-05-30 21:37:09] [INFO   ] Received message: cherry: sadadfdfadsfadfsdfadfa 
[2025-05-30 21:37:12] [INFO   ] Received message: [Server] cherry has left the chat 💔 
[2025-05-31 14:30:29] [INFO   ] Starting the application... 
[2025-05-31 14:30:30] [INFO   ] Application started successfully. 
[2025-05-31 14:30:38] [INFO   ] Connected to the server as cheporte 
[2025-05-31 14:39:09] [INFO   ] Starting the application... 
[2025-05-31 14:39:10] [INFO   ] Application started successfully. 
[2025-05-31 14:39:23] [INFO   ] Connected to the server as cheporte 
[2025-05-31 14:39:54] [INFO   ] Starting the application... 
[2025-05-31 14:39:55] [INFO   ] Application started successfully. 
[2025-05-31 14:40:01] [INFO   ] Connected to the server as cheporte 
[2025-05-31 14:40:01] [INFO   ] Received message: [Server] cheporte has joined the chat 🎉 
[2025-05-31 14:40:01] [INFO   ] Received message: [Server] cheporte has left the chat 💔 
[2025-05-31 14:40:18] [INFO   ] Received message: cheporte: Heey! 
[2025-05-31 14:52:15] [INFO   ] Starting the application... 
[2025-05-31 14:52:15] [INFO   ] Application started successfully. 
[2025-05-31 14:52:45] [INFO   ] Starting the application... 
[2025-05-31 14:52:46] [INFO   ] Application started successfully. 
[2025-05-31 14:58:31] [INFO   ] Starting the application... 
[2025-05-31 14:58:31] [INFO   ] Application started successfully. 
[2025-05-31 14:58:41] [INFO   ] Connected to the server as cheporte 
[2025-05-31 14:59:36] [INFO   ] Received message: cheporte: Heeey! 
[2025-05-31 15:01:59] [INFO   ] Starting the application... 
[2025-05-31 15:01:59] [INFO   ] Application started successfully. 
[2025-05-31 15:02:05] [INFO   ] Connected to the server as cheporte 
[2025-05-31 15:06:20] [INFO   ] Starting the application... 
[2025-05-31 15:06:21] [INFO   ] Application started successfully. 
[2025-05-31 15:06:27] [INFO   ] Connected to the server as cheporte 
[2025-05-31 15:06:27] [INFO   ] Received message: [Server] cheporte has joined the chat 🎉 
[2025-05-31 15:06:27] [INFO   ] Received message: [Server] cheporte has left the chat 💔 
[2025-05-31 15:07:47] [INFO   ] Starting the application... 
[2025-05-31 15:07:47] [INFO   ] Application started successfully. 
[2025-05-31 15:07:53] [INFO   ] Connected to the server as cheporte 
[2025-05-31 15:07:53] [INFO   ] Received message: [Server] cheporte has joined the chat 🎉 
[2025-05-31 15:07:53] [INFO   ] Received message: [Server] cheporte has left the chat 💔 
[2025-05-31 15:07:53] [INFO   ] Received message: [Server] cheporte has joined the chat 🎉 
[2025-05-31 15:07:53] [INFO   ] Received message: [Server] cheporte has left the chat 💔 
[2025-05-31 18:12:09] [INFO   ] Starting the application... 
[2025-05-31 18:12:10] [INFO   ] Application started successfully. 
[2025-05-31 18:12:16] [INFO   ] Connected to the server as cheporte 
[2025-05-31 18:20:25] [INFO   ] Starting the application... 
[2025-05-31 18:20:26] [INFO   ] Application started successfully. 
[2025-05-31 18:20:36] [INFO   ] Connected to the server as cheporte 
[2025-05-31 18:34:45] [INFO   ] Starting the application... 
[2025-05-31 18:34:45] [INFO   ] Application started successfully. 
[2025-05-31 18:34:56] [INFO   ] Connected to the server as cheporte 
[2025-05-31 18:36:13] [INFO   ] Starting the application... 
[2025-05-31 18:36:14] [INFO   ] Application started successfully. 
[2025-05-31 18:36:20] [INFO   ] Connected to the server as cheporte 
[2025-05-31 18:36:20] [INFO   ] Received message: [Server] cheporte has joined the chat 🎉 
[2025-05-31 18:36:20] [INFO   ] Received message: [Server] cheporte has left the chat 💔 
[2025-05-31 18:37:12] [INFO   ] Received message: cheporte: hhh 
[2025-05-31 18:37:15] [INFO   ] Received message: cheporte: ssss 
[2025-05-31 18:43:18] [INFO   ] Starting the application... 
[2025-05-31 18:43:18] [INFO   ] Application started successfully. 
[2025-05-31 18:43:26] [INFO   ] Connected to the server as cheporte 
[2025-05-31 18:43:26] [INFO   ] Received message: [Server] cheporte has joined the chat 🎉 
[2025-05-31 18:43:26] [INFO   ] Received message: [Server] cheporte has left the chat 💔 
[2025-05-31 18:43:26] [INFO   ] Received message: [Server] cheporte has joined the chat 🎉 
[2025-05-31 18:43:26] [INFO   ] Received message: cheporte: hhh 
[2025-05-31 18:43:26] [INFO   ] Received message: cheporte: ssss 
[2025-05-31 18:43:26] [INFO   ] Received message: [Server] cheporte has left the chat 💔 
[2025-05-31 18:44:05] [INFO   ] Received message: cheporte: Heeeeeeeey! 
[2025-05-31 18:48:51] [INFO   ] Starting the application... 
[2025-05-31 18:48:51] [INFO   ] Application started successfully. 
[2025-05-31 18:49:00] [INFO   ] Connected to the server as cherry 
[2025-05-31 18:49:00] [INFO   ] Received message: [Server] cheporte has joined the chat 🎉 
[2025-05-31 18:49:00] [INFO   ] Received message: [Server] cheporte has left the chat 💔 
[2025-05-31 18:49:00] [INFO   ] Received message: [Server] cheporte has joined the chat 🎉 
[2025-05-31 18:49:00] [INFO   ] Received message: cheporte: hhh 
[2025-05-31 18:49:00] [INFO   ] Received message: cheporte: ssss 
[2025-05-31 18:49:00] [INFO   ] Received message: [Server] cheporte has left the chat 💔 
[2025-05-31 18:49:00] [INFO   ] Received message: [Server] cheporte has joined the chat 🎉 
[2025-05-31 18:49:00] [INFO   ] Received message: cheporte: Heeeeeeeey! 
[2025-05-31 18:49:00] [INFO   ] Received message: [Server] cheporte has left the chat 💔 
[2025-05-31 18:49:17] [INFO   ] Received message: cherry: Hello 
[2025-05-31 18:49:33] [INFO   ] Received message: cherry: What's up? 
[2025-05-31 18:49:51] [INFO   ] Received message: [Server] cheporte has joined the chat 🎉 
[2025-05-31 18:50:09] [INFO   ] Received message: [Server] cheporte has left the chat 💔 
[2025-05-31 18:55:16] [INFO   ] Starting the application... 
[2025-05-31 18:55:16] [INFO   ] Application started successfully. 
[2025-05-31 18:55:24] [INFO   ] Connected to the server as cheporte 
[2025-05-31 18:55:45] [INFO   ] Received message: [Server] cherry has joined the chat 🎉 
[2025-05-31 18:56:12] [INFO   ] Received message: [Server] cherry has left the chat 💔 
[2025-05-31 18:56:23] [INFO   ] Starting the application... 
[2025-05-31 18:56:24] [INFO   ] Application started successfully. 
[2025-05-31 18:56:29] [INFO   ] Connected to the server as cherry 
[2025-05-31 18:56:29] [INFO   ] Received message: [Server] cheporte has joined the chat 🎉 
[2025-05-31 18:56:29] [INFO   ] Received message: [Server] cherry has joined the chat 🎉 
[2025-05-31 18:56:29] [INFO   ] Received message: [Server] cherry has left the chat 💔 
[2025-05-31 18:56:29] [INFO   ] Received message: [Server] cheporte has left the chat 💔 
[2025-05-31 18:56:34] [INFO   ] Received message: cherry: Heey 
[2025-05-31 19:04:28] [INFO   ] Starting the application... 
[2025-05-31 19:04:29] [INFO   ] Application started successfully. 
[2025-05-31 19:04:36] [INFO   ] Connected to the server as cheporte 
[2025-05-31 19:04:48] [INFO   ] Received message: cheporte: Hello from cheporte 
[2025-05-31 19:05:00] [INFO   ] Received message: [Server] cherry has joined the chat 🎉 
[2025-05-31 19:05:18] [INFO   ] Received message: cherry: Hello from cherry 
[2025-05-31 19:09:36] [INFO   ] Received message: cherry: hey 
[2025-05-31 19:09:51] [INFO   ] Starting the application... 
[2025-05-31 19:09:51] [INFO   ] Application started successfully. 
[2025-05-31 19:09:58] [INFO   ] Connected to the server as cheporte 
[2025-05-31 19:09:58] [INFO   ] Received message: [Server] cheporte has joined the chat 🎉 
[2025-05-31 19:09:58] [INFO   ] Received message: cheporte: Hello from cheporte 
[2025-05-31 19:09:58] [INFO   ] Received message: [Server] cherry has joined the chat 🎉 
[2025-05-31 19:09:58] [INFO   ] Received message: cherry: Hello from cherry 
[2025-05-31 19:09:58] [INFO   ] Received message: cherry: hey 
[2025-05-31 19:09:58] [INFO   ] Received message: [Server] cheporte has left the chat 💔 
[2025-05-31 19:10:17] [INFO   ] Received message: [Server] cherry has left the chat 💔 
[2025-05-31 19:31:34] [INFO   ] Starting the application... 
[2025-05-31 19:31:35] [INFO   ] Application started successfully. 
[2025-05-31 19:31:48] [INFO   ] Connected to the server as cheporte 
[2025-05-31 19:32:39] [INFO   ] Received message: [Server] cherry has joined the chat 🎉 
[2025-05-31 19:32:53] [INFO   ] Received message: cheporte: Hello 
[2025-05-31 19:33:09] [INFO   ] Received message: [Server] cherry has left the chat 💔 
[2025-05-31 19:33:20] [INFO   ] Received message: [Server] cherry has joined the chat 🎉 
[2025-05-31 19:33:33] [INFO   ] Received message: cherry: Hi! 
[2025-05-31 19:35:09] [INFO   ] Received message: [Server] cherry has left the chat 💔 
[2025-05-31 19:39:32] [INFO   ] Starting the application... 
[2025-05-31 19:39:33] [INFO   ] Application started successfully. 
[2025-05-31 19:39:43] [INFO   ] Connected to the server as cheporte 
[2025-05-31 19:40:17] [INFO   ] Received message: [Server] cherry has joined the chat 🎉 
[2025-05-31 19:40:31] [INFO   ] Received message: cherry: Heey 
[2025-05-31 19:40:38] [INFO   ] Received message: cheporte: Yo! 
[2025-05-31 19:40:55] [INFO   ] Received message: cherry: Anything new? 
[2025-05-31 19:43:25] [INFO   ] Starting the application... 
[2025-05-31 19:43:25] [INFO   ] Application started successfully. 
[2025-05-31 19:43:33] [INFO   ] Connected to the server as cheporte 
[2025-05-31 19:43:33] [INFO   ] Received message: [Server] cheporte has joined the chat 🎉 
[2025-05-31 19:43:33] [INFO   ] Received message: [Server] cherry has joined the chat 🎉 
[2025-05-31 19:43:33] [INFO   ] Received message: cherry: Heey 
[2025-05-31 19:43:33] [INFO   ] Received message: cheporte: Yo! 
[2025-05-31 19:43:33] [INFO   ] Received message: cherry: Anything new? 
[2025-05-31 19:43:33] [INFO   ] Received message: [Server] cheporte has left the chat 💔 
[2025-05-31 19:43:33] [INFO   ] Received message: [Server] cherry has left the chat 💔 
[2025-05-31 19:43:49] [INFO   ] Received message: cheporte: Hello there 
[2025-05-31 19:44:03] [INFO   ] Received message: [Server] cherry has joined the chat 🎉 
[2025-05-31 19:44:24] [INFO   ] Received message: cherry: hi 
[2025-05-31 19:44:32] [INFO   ] Received message: cheporte: yo! 
[2025-05-31 19:44:38] [INFO   ] Received message: cherry: yay! 
[2025-05-31 19:45:13] [INFO   ] Received message: [Server] cherry has left the chat 💔 
[2025-05-31 19:46:31] [INFO   ] Starting the application... 
[2025-05-31 19:46:31] [INFO   ] Application started successfully. 
[2025-05-31 19:46:45] [INFO   ] Connected to the server as cheporte 
[2025-05-31 19:47:46] [INFO   ] Received message: [Server] cherry has left the chat 💔 
[2025-05-31 19:48:14] [INFO   ] Starting the application... 
[2025-05-31 19:48:15] [INFO   ] Application started successfully. 
[2025-05-31 19:48:34] [INFO   ] Connected to the server as cheporte 
[2025-05-31 19:48:34] [INFO   ] Received message: [Server] cherry has left the chat 💔 
[2025-05-31 19:48:34] [INFO   ] Received message: [Server] cheporte has left the chat 💔 
[2025-05-31 19:53:07] [INFO   ] Starting the application... 
[2025-05-31 19:53:08] [INFO   ] Application started successfully. 
[2025-05-31 19:53:15] [INFO   ] Connected to the server as cheporte 
[2025-05-31 19:53:43] [INFO   ] Received message: cheporte: cheporte: Any news? 
[2025-05-31 19:53:59] [INFO   ] Received message: cherry: cherry: It only became worse 
[2025-05-31 19:56:22] [INFO   ] Starting the application... 
[2025-05-31 19:56:22] [INFO   ] Application started successfully. 
[2025-05-31 19:56:30] [INFO   ] Connected to the server as cheporte 
[2025-05-31 19:56:55] [INFO   ] Received message: cheporte: cheporte: cheporte: And now? 
[2025-05-31 19:57:13] [INFO   ] Received message: cherry: cherry: cherry: Better, but nicknames should be fixed 
[2025-05-31 19:57:32] [INFO   ] Received message: [Server] cherry has left the chat 💔 
[2025-05-31 19:58:44] [INFO   ] Starting the application... 
[2025-05-31 19:58:44] [INFO   ] Application started successfully. 
[2025-05-31 19:58:52] [INFO   ] Connected to the server as cheporte 
[2025-05-31 19:58:52] [INFO   ] Received message: cheporte: cheporte: cheporte: And now? 
[2025-05-31 19:58:52] [INFO   ] Received message: cherry: cherry: cherry: Better, but nicknames should be fixed 
[2025-05-31 19:58:52] [INFO   ] Received message: [Server] cherry has left the chat 💔 
[2025-05-31 19:58:52] [INFO   ] Received message: [Server] cheporte has left the chat 💔 
[2025-05-31 19:59:04] [INFO   ] Received message: cheporte: cheporte: cheporte: Playing around with shit 
[2025-05-31 20:00:00] [INFO   ] Starting the application... 
[2025-05-31 20:00:00] [INFO   ] Application started successfully. 
[2025-05-31 20:00:07] [INFO   ] Connected to the server as cheporte 
[2025-05-31 20:00:07] [INFO   ] Received message: cheporte: cheporte: cheporte: And now? 
[2025-05-31 20:00:07] [INFO   ] Received message: cherry: cherry: cherry: Better, but nicknames should be fixed 
[2025-05-31 20:00:07] [INFO   ] Received message: [Server] cherry has left the chat 💔 
[2025-05-31 20:00:07] [INFO   ] Received message: [Server] cheporte has left the chat 💔 
[2025-05-31 20:00:07] [INFO   ] Received message: cheporte: cheporte: cheporte: Playing around with shit 
[2025-05-31 20:00:07] [INFO   ] Received message: [Server] cheporte has left the chat 💔 
[2025-05-31 20:00:16] [INFO   ] Received message: cheporte: cheporte: What about now 
[2025-05-31 20:04:17] [INFO   ] Starting the application... 
[2025-05-31 20:04:18] [INFO   ] Application started successfully. 
[2025-05-31 20:04:26] [INFO   ] Connected to the server as cheporte 
[2025-05-31 20:04:26] [INFO   ] Received message: cheporte: cheporte: cheporte: And now? 
[2025-05-31 20:04:26] [INFO   ] Received message: cherry: cherry: cherry: Better, but nicknames should be fixed 
[2025-05-31 20:04:26] [INFO   ] Received message: [Server] cherry has left the chat 💔 
[2025-05-31 20:04:26] [INFO   ] Received message: [Server] cheporte has left the chat 💔 
[2025-05-31 20:04:26] [INFO   ] Received message: cheporte: cheporte: cheporte: Playing around with shit 
[2025-05-31 20:04:26] [INFO   ] Received message: [Server] cheporte has left the chat 💔 
[2025-05-31 20:04:26] [INFO   ] Received message: cheporte: cheporte: What about now 
[2025-05-31 20:04:26] [INFO   ] Received message: [Server] cheporte has left the chat 💔 
[2025-05-31 20:04:34] [INFO   ] Received message: cheporte: cheporte: Another try 
[2025-05-31 20:06:15] [INFO   ] Starting the application... 
[2025-05-31 20:06:15] [INFO   ] Application started successfully. 
[2025-05-31 20:06:22] [INFO   ] Connected to the server as cheporte 
[2025-05-31 20:06:22] [INFO   ] Received message: cheporte: cheporte: cheporte: And now? 
[2025-05-31 20:06:22] [INFO   ] Received message: cherry: cherry: cherry: Better, but nicknames should be fixed 
[2025-05-31 20:06:22] [INFO   ] Received message: [Server] cherry has left the chat 💔 
[2025-05-31 20:06:22] [INFO   ] Received message: [Server] cheporte has left the chat 💔 
[2025-05-31 20:06:22] [INFO   ] Received message: cheporte: cheporte: cheporte: Playing around with shit 
[2025-05-31 20:06:22] [INFO   ] Received message: [Server] cheporte has left the chat 💔 
[2025-05-31 20:06:22] [INFO   ] Received message: cheporte: cheporte: What about now 
[2025-05-31 20:06:22] [INFO   ] Received message: [Server] cheporte has left the chat 💔 
[2025-05-31 20:06:22] [INFO   ] Received message: cheporte: cheporte: Another try 
[2025-05-31 20:06:22] [INFO   ] Received message: [Server] cheporte has left the chat 💔 
[2025-05-31 20:06:29] [INFO   ] Received message: cheporte: try again 
[2025-05-31 20:06:58] [INFO   ] Received message: cherry: and now? 
